# JRE version: OpenJDK Runtime Environment (8.0_152-b01) (build 1.8.0_152-release-1248-b01)
# Java VM: OpenJDK 64-Bit Server VM (25.152-b01 mixed mode linux-amd64 compressed oops)
Heap:
 par new generation   total 78656K, used 54293K [0x00000000b0000000, 0x00000000b5550000, 0x00000000c4cc0000)
  eden space 69952K,  65% used [0x00000000b0000000, 0x00000000b2c854e8, 0x00000000b4450000)
  from space 8704K, 100% used [0x00000000b4450000, 0x00000000b4cd0000, 0x00000000b4cd0000)
  to   space 8704K,   0% used [0x00000000b4cd0000, 0x00000000b4cd0000, 0x00000000b5550000)
 concurrent mark-sweep generation total 797616K, used 618971K [0x00000000c4cc0000, 0x00000000f57ac000, 0x0000000100000000)
 Metaspace       used 314659K, capacity 333457K, committed 340972K, reserved 1345536K
  class space    used 39637K, capacity 42967K, committed 44208K, reserved 1048576K
GC Heap History (10 events):
Event: 8255,023 GC heap before
{Heap before GC invocations=661 (full 25):
 par new generation   total 78656K, used 69486K [0x00000000b0000000, 0x00000000b5550000, 0x00000000c4cc0000)
  eden space 69952K,  88% used [0x00000000b0000000, 0x00000000b3cc3978, 0x00000000b4450000)
  from space 8704K,  83% used [0x00000000b4cd0000, 0x00000000b53e7ed0, 0x00000000b5550000)
  to   space 8704K,   0% used [0x00000000b4450000, 0x00000000b4450000, 0x00000000b4cd0000)
 concurrent mark-sweep generation total 797616K, used 576717K [0x00000000c4cc0000, 0x00000000f57ac000, 0x0000000100000000)
 Metaspace       used 314622K, capacity 333451K, committed 340972K, reserved 1345536K
  class space    used 39636K, capacity 42966K, committed 44208K, reserved 1048576K
Event: 8255,060 GC heap after
Heap after GC invocations=662 (full 25):
 par new generation   total 78656K, used 5941K [0x00000000b0000000, 0x00000000b5550000, 0x00000000c4cc0000)
  eden space 69952K,   0% used [0x00000000b0000000, 0x00000000b0000000, 0x00000000b4450000)
  from space 8704K,  68% used [0x00000000b4450000, 0x00000000b4a1d480, 0x00000000b4cd0000)
  to   space 8704K,   0% used [0x00000000b4cd0000, 0x00000000b4cd0000, 0x00000000b5550000)
 concurrent mark-sweep generation total 797616K, used 577973K [0x00000000c4cc0000, 0x00000000f57ac000, 0x0000000100000000)
 Metaspace       used 314622K, capacity 333451K, committed 340972K, reserved 1345536K
  class space    used 39636K, capacity 42966K, committed 44208K, reserved 1048576K
}
Event: 8256,475 GC heap before
{Heap before GC invocations=662 (full 25):
 par new generation   total 78656K, used 75893K [0x00000000b0000000, 0x00000000b5550000, 0x00000000c4cc0000)
  eden space 69952K, 100% used [0x00000000b0000000, 0x00000000b4450000, 0x00000000b4450000)
  from space 8704K,  68% used [0x00000000b4450000, 0x00000000b4a1d480, 0x00000000b4cd0000)
  to   space 8704K,   0% used [0x00000000b4cd0000, 0x00000000b4cd0000, 0x00000000b5550000)
 concurrent mark-sweep generation total 797616K, used 577973K [0x00000000c4cc0000, 0x00000000f57ac000, 0x0000000100000000)
 Metaspace       used 314630K, capacity 333451K, committed 340972K, reserved 1345536K
  class space    used 39636K, capacity 42966K, committed 44208K, reserved 1048576K
Event: 8256,494 GC heap after
Heap after GC invocations=663 (full 25):
 par new generation   total 78656K, used 6045K [0x00000000b0000000, 0x00000000b5550000, 0x00000000c4cc0000)
  eden space 69952K,   0% used [0x00000000b0000000, 0x00000000b0000000, 0x00000000b4450000)
  from space 8704K,  69% used [0x00000000b4cd0000, 0x00000000b52b77d0, 0x00000000b5550000)
  to   space 8704K,   0% used [0x00000000b4450000, 0x00000000b4450000, 0x00000000b4cd0000)
 concurrent mark-sweep generation total 797616K, used 577973K [0x00000000c4cc0000, 0x00000000f57ac000, 0x0000000100000000)
 Metaspace       used 314630K, capacity 333451K, committed 340972K, reserved 1345536K
  class space    used 39636K, capacity 42966K, committed 44208K, reserved 1048576K
}
Event: 8258,801 GC heap before
{Heap before GC invocations=663 (full 25):
 par new generation   total 78656K, used 75997K [0x00000000b0000000, 0x00000000b5550000, 0x00000000c4cc0000)
  eden space 69952K, 100% used [0x00000000b0000000, 0x00000000b4450000, 0x00000000b4450000)
  from space 8704K,  69% used [0x00000000b4cd0000, 0x00000000b52b77d0, 0x00000000b5550000)
  to   space 8704K,   0% used [0x00000000b4450000, 0x00000000b4450000, 0x00000000b4cd0000)
 concurrent mark-sweep generation total 797616K, used 577973K [0x00000000c4cc0000, 0x00000000f57ac000, 0x0000000100000000)
 Metaspace       used 314640K, capacity 333457K, committed 340972K, reserved 1345536K
  class space    used 39637K, capacity 42967K, committed 44208K, reserved 1048576K
Event: 8258,822 GC heap after
Heap after GC invocations=664 (full 25):
 par new generation   total 78656K, used 5891K [0x00000000b0000000, 0x00000000b5550000, 0x00000000c4cc0000)
  eden space 69952K,   0% used [0x00000000b0000000, 0x00000000b0000000, 0x00000000b4450000)
  from space 8704K,  67% used [0x00000000b4450000, 0x00000000b4a10f50, 0x00000000b4cd0000)
  to   space 8704K,   0% used [0x00000000b4cd0000, 0x00000000b4cd0000, 0x00000000b5550000)
 concurrent mark-sweep generation total 797616K, used 578307K [0x00000000c4cc0000, 0x00000000f57ac000, 0x0000000100000000)
 Metaspace       used 314640K, capacity 333457K, committed 340972K, reserved 1345536K
  class space    used 39637K, capacity 42967K, committed 44208K, reserved 1048576K
}
Event: 8258,966 GC heap before
{Heap before GC invocations=664 (full 25):
 par new generation   total 78656K, used 68486K [0x00000000b0000000, 0x00000000b5550000, 0x00000000c4cc0000)
  eden space 69952K,  89% used [0x00000000b0000000, 0x00000000b3d20b38, 0x00000000b4450000)
  from space 8704K,  67% used [0x00000000b4450000, 0x00000000b4a10f50, 0x00000000b4cd0000)
  to   space 8704K,   0% used [0x00000000b4cd0000, 0x00000000b4cd0000, 0x00000000b5550000)
 concurrent mark-sweep generation total 797616K, used 578307K [0x00000000c4cc0000, 0x00000000f57ac000, 0x0000000100000000)
 Metaspace       used 314641K, capacity 333457K, committed 340972K, reserved 1345536K
  class space    used 39637K, capacity 42967K, committed 44208K, reserved 1048576K
Event: 8259,015 GC heap after
Heap after GC invocations=665 (full 25):
 par new generation   total 78656K, used 6345K [0x00000000b0000000, 0x00000000b5550000, 0x00000000c4cc0000)
  eden space 69952K,   0% used [0x00000000b0000000, 0x00000000b0000000, 0x00000000b4450000)
  from space 8704K,  72% used [0x00000000b4cd0000, 0x00000000b53026b0, 0x00000000b5550000)
  to   space 8704K,   0% used [0x00000000b4450000, 0x00000000b4450000, 0x00000000b4cd0000)
 concurrent mark-sweep generation total 797616K, used 603044K [0x00000000c4cc0000, 0x00000000f57ac000, 0x0000000100000000)
 Metaspace       used 314641K, capacity 333457K, committed 340972K, reserved 1345536K
  class space    used 39637K, capacity 42967K, committed 44208K, reserved 1048576K
}
Event: 8259,198 GC heap before
{Heap before GC invocations=665 (full 25):
 par new generation   total 78656K, used 76297K [0x00000000b0000000, 0x00000000b5550000, 0x00000000c4cc0000)
  eden space 69952K, 100% used [0x00000000b0000000, 0x00000000b4450000, 0x00000000b4450000)
  from space 8704K,  72% used [0x00000000b4cd0000, 0x00000000b53026b0, 0x00000000b5550000)
  to   space 8704K,   0% used [0x00000000b4450000, 0x00000000b4450000, 0x00000000b4cd0000)
 concurrent mark-sweep generation total 797616K, used 603044K [0x00000000c4cc0000, 0x00000000f57ac000, 0x0000000100000000)
 Metaspace       used 314651K, capacity 333457K, committed 340972K, reserved 1345536K
  class space    used 39637K, capacity 42967K, committed 44208K, reserved 1048576K
Event: 8259,224 GC heap after
Heap after GC invocations=666 (full 25):
 par new generation   total 78656K, used 8704K [0x00000000b0000000, 0x00000000b5550000, 0x00000000c4cc0000)
  eden space 69952K,   0% used [0x00000000b0000000, 0x00000000b0000000, 0x00000000b4450000)
  from space 8704K, 100% used [0x00000000b4450000, 0x00000000b4cd0000, 0x00000000b4cd0000)
  to   space 8704K,   0% used [0x00000000b4cd0000, 0x00000000b4cd0000, 0x00000000b5550000)
 concurrent mark-sweep generation total 797616K, used 618971K [0x00000000c4cc0000, 0x00000000f57ac000, 0x0000000100000000)
 Metaspace       used 314651K, capacity 333457K, committed 340972K, reserved 1345536K
  class space    used 39637K, capacity 42967K, committed 44208K, reserved 1048576K
}

